<?xml version="1.0" encoding="UTF-8"?>
<!-- Generated by org.testng.reporters.JUnitXMLReporter -->
<testsuite ignored="0" hostname="Aspire7" failures="3" tests="5" name="Test" time="23.592" errors="0" timestamp="2023-01-04T17:01:32 IST">
  <testcase classname="com.sauceDemo.TestClasses.TC04_VerifyTheFliterFunctionality" name="verifyTheFliterFunctionality" time="0.24">
    <failure type="java.lang.AssertionError" message="expected [] but found [Name (A to Z)
Name (Z to A)
Price (low to high)
Price (high to low)]">
      <![CDATA[java.lang.AssertionError: expected [] but found [Name (A to Z)
Name (Z to A)
Price (low to high)
Price (high to low)]
at com.sauceDemo.TestClasses.TC04_VerifyTheFliterFunctionality.verifyTheFliterFunctionality(TC04_VerifyTheFliterFunctionality.java:26)
at java.base/java.util.ArrayList.forEach(ArrayList.java:1511)
... Removed 31 stack frames]]>
    </failure>
  </testcase> <!-- verifyTheFliterFunctionality -->
  <testcase classname="com.sauceDemo.TestClasses.TC01_VerifyLoginFunctionality" name="verifyLoginFunctionality" time="0.009">
    <failure type="java.lang.AssertionError" message="The following asserts failed:
	expected [true] but found [false]">
      <![CDATA[java.lang.AssertionError: The following asserts failed:
expected [true] but found [false]
at com.sauceDemo.TestClasses.TC01_VerifyLoginFunctionality.verifyLoginFunctionality(TC01_VerifyLoginFunctionality.java:20)
at java.base/java.util.ArrayList.forEach(ArrayList.java:1511)
... Removed 27 stack frames]]>
    </failure>
  </testcase> <!-- verifyLoginFunctionality -->
  <testcase classname="com.sauceDemo.TestClasses.TC03_VerifyAllProductsCanBeAddedToCart" name="verifyAllProductsCanBeAddedToCart" time="6.085">
    <failure type="java.lang.AssertionError" message="expected [6] but found [5]">
      <![CDATA[java.lang.AssertionError: expected [6] but found [5]
at com.sauceDemo.TestClasses.TC03_VerifyAllProductsCanBeAddedToCart.verifyAllProductsCanBeAddedToCart(TC03_VerifyAllProductsCanBeAddedToCart.java:27)
at java.base/java.util.ArrayList.forEach(ArrayList.java:1511)
... Removed 31 stack frames]]>
    </failure>
  </testcase> <!-- verifyAllProductsCanBeAddedToCart -->
  <testcase classname="com.sauceDemo.TestClasses.TC05_VerifyProductCanBeSelectedAndMovedToCheckout" name="verifyProductCanBeSelectedAndMovedToCheckout" time="2.209"/>
  <testcase classname="com.sauceDemo.TestClasses.TC02_VerifyLogoutFunctionality" name="verifyLogoutFunctionality" time="0.006"/>
</testsuite> <!-- Test -->
